2020-08-02 03:01:16,888 [      0]   INFO -        #com.intellij.idea.Main - ------------------------------------------------------ IDE STARTED ------------------------------------------------------ 
2020-08-02 03:01:18,047 [   1159]   INFO -        #com.intellij.idea.Main - JNA library (64-bit) loaded in 885 ms 
2020-08-02 03:01:18,459 [   1571]   INFO -        #com.intellij.idea.Main - IDE: Android Studio (build #AI-193.6911.18.40.6626763, 25 Jun 2020 03:42) 
2020-08-02 03:01:18,459 [   1571]   INFO -        #com.intellij.idea.Main - OS: Windows 10 (10.0, amd64) 
2020-08-02 03:01:18,459 [   1571]   INFO -        #com.intellij.idea.Main - JRE: 1.8.0_242-release-1644-b01 (JetBrains s.r.o) 
2020-08-02 03:01:18,459 [   1571]   INFO -        #com.intellij.idea.Main - JVM: 25.242-b01 (OpenJDK 64-Bit Server VM) 
2020-08-02 03:01:18,463 [   1575]   INFO -        #com.intellij.idea.Main - JVM Args: exit -Xms256m -Xmx1280m -XX:ReservedCodeCacheSize=240m -XX:+UseConcMarkSweepGC -XX:SoftRefLRUPolicyMSPerMB=50 -XX:CICompilerCount=2 -Dsun.io.useCanonPrefixCache=false -Djava.net.preferIPv4Stack=true -Djdk.http.auth.tunneling.disabledSchemes="" -Djdk.attach.allowAttachSelf=true -Dkotlinx.coroutines.debug=off -Djdk.module.illegalAccess.silent=true -Djna.nosys=true -Djna.boot.library.path= -Djb.vmOptionsFile=C:\Program Files\Android\Android Studio\bin\studio64.exe.vmoptions -Djava.library.path=C:\Program Files\Android\Android Studio\jre\jre\bin;C:\Program Files\Android\Android Studio\jre\jre\bin\server -Didea.platform.prefix=AndroidStudio -Didea.jre.check=true -Dide.native.launcher=true -Didea.paths.selector=AndroidStudio4.0 -XX:ErrorFile=C:\Users\CHICHI\java_error_in_studio_%p.log -XX:HeapDumpPath=C:\Users\CHICHI\java_error_in_studio.hprof 
2020-08-02 03:01:18,465 [   1577]   INFO -        #com.intellij.idea.Main - ext: C:\Program Files\Android\Android Studio\jre\jre\lib\ext: [access-bridge-64.jar, cldrdata.jar, dnsns.jar, jaccess.jar, localedata.jar, meta-index, nashorn.jar, sunec.jar, sunjce_provider.jar, sunmscapi.jar, sunpkcs11.jar, zipfs.jar] 
2020-08-02 03:01:18,465 [   1577]   INFO -        #com.intellij.idea.Main - charsets: JNU=Cp1252 file=Cp1252 
2020-08-02 03:01:19,976 [   3088]   INFO -        #com.intellij.idea.Main - CPU cores: 4; ForkJoinPool.commonPool: java.util.concurrent.ForkJoinPool@4d74cfcc[Running, parallelism = 3, size = 0, active = 0, running = 0, steals = 0, tasks = 0, submissions = 0]; factory: com.intellij.concurrency.IdeaForkJoinWorkerThreadFactory@28749d89 
2020-08-02 03:01:22,780 [   5892]   INFO - penapi.util.io.win32.IdeaWin32 - Native filesystem for Windows is operational 
2020-08-02 03:06:14,636 [ 297748]   INFO - llij.ide.plugins.PluginManager - Plugin "Groovy" misses optional descriptor duplicates-groovy.xml 
2020-08-02 03:06:14,640 [ 297752]   INFO - llij.ide.plugins.PluginManager - Plugin "Groovy" misses optional descriptor duplicates-detection-groovy.xml 
2020-08-02 03:06:16,261 [ 299373]   INFO - llij.ide.plugins.PluginManager - Plugin "Java" misses optional descriptor profiler-java.xml 
2020-08-02 03:06:16,659 [ 299771]   INFO - llij.ide.plugins.PluginManager - Loaded bundled plugins: Android APK Support (1.0), Android Games (1.0), Android NDK Support (1.0), Android Support (10.4.0.1), App Links Assistant (0.1), ChangeReminder (193.6911.18.40.6626763), Compose (0.1.0-dev03), Configuration Script (193.6911.18.40.6626763), Copyright (193.6911.18.40.6626763), Coverage (193.6911.18.40.6626763), EditorConfig (193.6911.18.40.6626763), Firebase App Indexing (0.1), Firebase Services (0.1), Firebase Testing (1.0), Git (193.6911.18.40.6626763), GitHub (193.6911.18.40.6626763), Google Cloud Tools Core (0.2.8), Google Cloud Tools For Android Studio (0.2.8), Google Developers Samples (0.3.1), Google Login (1.0), Google Services (0.1), Gradle (193.6911.18.40.6626763), Gradle-Java (193.6911.18.40.6626763), Groovy (193.6911.18.40.6626763), IDEA CORE (193.6911.18.40.6626763), IntelliLang (193.6911.18.40.6626763), JUnit (193.6911.18.40.6626763), Java (193.6911.18.40.6626763), Java Bytecode Decompiler (193.6911.18.40.6626763), Java IDE Customization (193.6911.18.40.6626763), Java Internationalization (193.6911.18.40.6626763), Java Stream Debugger (193.6911.18.40.6626763), Kotlin (1.3.72-release-Studio4.0-5), Layoutlib Native (1.0), Layoutlib Standard (1.0), Mercurial (193.6911.18.40.6626763), Properties (193.6911.18.40.6626763), Settings Repository (193.6911.18.40.6626763), Shell Script (193.6911.18.40.6626763), Smali Support (193.6911.18.40.6626763), Subversion (193.6911.18.40.6626763), Task Management (193.6911.18.40.6626763), Terminal (193.6911.18.40.6626763), Test Recorder (1.0), TestNG (193.6911.18.40.6626763), TextMate bundles (193.6911.18.40.6626763), YAML (193.6911.18.40.6626763) 
2020-08-02 03:06:23,101 [ 306213]   INFO - fs.newvfs.persistent.FSRecords - Marking VFS as corrupted: 'C:\Users\CHICHI\.AndroidStudio4.0\system\caches\names.dat' does not exist 
2020-08-02 03:06:23,114 [ 306226]   INFO - ellij.util.io.PagedFileStorage - lower=100; upper=500; buffer=10; max=1226 
2020-08-02 03:06:23,418 [ 306530]   INFO - tellij.util.io.FileChannelUtil - interruptible FileChannel-s will be used for indexes 
2020-08-02 03:06:23,961 [ 307073]   INFO - .history.utils.LocalHistoryLog - local history version mismatch (was: 0, expected: 6), rebuilding... 
2020-08-02 03:06:23,962 [ 307074]   INFO - .history.utils.LocalHistoryLog - FS has been rebuild, rebuilding local history... 
2020-08-02 03:06:24,313 [ 307425]   INFO - rains.ide.BuiltInServerManager - built-in server started, port 63342 
2020-08-02 03:06:25,064 [ 308176]   INFO - pl.local.NativeFileWatcherImpl - Starting file watcher: C:\Program Files\Android\Android Studio\bin\fsnotifier64.exe 
2020-08-02 03:06:25,083 [ 308195]   INFO - com.intellij.ide.ui.UISettings - Loaded: fontSize=13, fontScale=1.0; restored: fontSize=13, fontScale=1.0 
2020-08-02 03:06:27,010 [ 310122]   INFO - pl.local.NativeFileWatcherImpl - Native file watcher is operational. 
2020-08-02 03:06:27,114 [ 310226]   INFO - gs.impl.UpdateCheckerComponent - channel: release 
2020-08-02 03:06:28,331 [ 311443]   WARN - nSystem.impl.ActionManagerImpl - keymap "ReSharper" not found [Plugin: com.android.tools.ndk] 
2020-08-02 03:06:31,316 [ 314428]   INFO - til.net.ssl.CertificateManager - Default SSL context initialized 
2020-08-02 03:06:37,478 [ 320590]   INFO - ij.psi.stubs.StubUpdatingIndex - Following new file types will be indexed:Kotlin,DGM,JAVA,XML,KJSM,Properties,GDBCommands,LLDBCommands,Groovy,kotlin_builtins,CLASS,HTML,KNM 
2020-08-02 03:06:38,687 [ 321799]   WARN - .diagnostic.PerformanceWatcher - UI freezed for 17133ms, details saved to C:\Users\CHICHI\.AndroidStudio4.0\system\log\threadDumps-freeze-20200802-030621-AI-193.6911.18.40.6626763-AndroidStudioInitializer.run-17sec 
2020-08-02 03:06:41,193 [ 324305]   INFO - il.indexing.FileBasedIndexImpl - Indices to be built:FrameworkDetectionIndex,TodoIndex,IdIndex,FilenameIndex,filetypes,Stubs,Trigram.Index,fileIncludes,DomFileIndex,RelaxSymbolIndex,XmlTagNames,XmlNamespaces,html5.custom.attributes.index,SchemaTypeInheritance,json.file.root.values,ImageFileInfoIndex,bytecodeAnalysis,java.auto.module.name,java.source.module.name,java.null.method.argument,java.simple.property,java.fun.expression,java.binary.plus.expression,RefQueueIndex,xmlProperties,GroovyDslFileIndex,groovy.trait.fields,groovy.trait.methods,org.jetbrains.kotlin.idea.versions.KotlinJvmMetadataVersionIndex,org.jetbrains.kotlin.idea.versions.KotlinJsMetadataVersionIndex,org.jetbrains.kotlin.idea.vfilefinder.KotlinClassFileIndex,org.jetbrains.kotlin.idea.vfilefinder.KotlinJavaScriptMetaFileIndex,org.jetbrains.kotlin.idea.vfilefinder.KotlinMetadataFileIndex,org.jetbrains.kotlin.idea.vfilefinder.KotlinMetadataFilePackageIndex,org.jetbrains.kotlin.idea.vfilefinder.KotlinModuleMappingIndex,org.jetbrains.kotlin.idea.vfilefinder.KotlinPackageSourcesMemberNamesIndex,org.jetbrains.kotlin.idea.vfilefinder.KotlinJvmModuleAnnotationsIndex,org.jetbrains.kotlin.ide.konan.index.KotlinNativeMetaFileIndex,com.android.tools.idea.model.AndroidManifestIndex$Companion$NAME$1.NAME,BindingXmlIndex,MlModelFileIndex,FileNameWithoutExtensionIndex,android.ndk.jni.nativemethodindex,editorconfig.index.name,yaml.keys.name 
2020-08-02 03:06:41,211 [ 324323]   INFO - pl$FileIndexDataInitialization - Initialization done: 15688 
2020-08-02 03:06:42,085 [ 325197]   INFO - tellij.psi.stubs.StubIndexImpl - Following stub indices will be built:dom.namespaceKey,dom.elementClass,java.annotations,java.class.extlist,java.field.name,java.method.name,jvm.static.member.name,jvm.static.member.type,java.anonymous.baseref,java.method.parameter.types,java.class.shortname,java.class.fqn,java.module.name,properties.index,gr.class.fqn,gr.script.fqn,gr.field.name,gr.method.name,gr.annot.method.name,gr.annot.members,gr.script.class,gr.class.super,gr.anonymous.class,org.jetbrains.kotlin.idea.stubindex.KotlinExactPackagesIndex,org.jetbrains.kotlin.idea.stubindex.KotlinTopLevelClassByPackageIndex,org.jetbrains.kotlin.idea.stubindex.KotlinTopLevelFunctionByPackageIndex,org.jetbrains.kotlin.idea.stubindex.KotlinTopLevelPropertyByPackageIndex,org.jetbrains.kotlin.idea.stubindex.KotlinTopLevelTypeAliasByPackageIndex,org.jetbrains.kotlin.idea.stubindex.KotlinClassShortNameIndex,org.jetbrains.kotlin.idea.stubindex.KotlinFullClassNameIndex,org.jetbrains.kotlin.idea.stubindex.KotlinPropertyShortNameIndex,org.jetbrains.kotlin.idea.stubindex.KotlinFunctionShortNameIndex,org.jetbrains.kotlin.idea.stubindex.KotlinTypeAliasShortNameIndex,org.jetbrains.kotlin.idea.stubindex.KotlinSuperClassIndex,org.jetbrains.kotlin.idea.stubindex.KotlinTopLevelFunctionFqnNameIndex,org.jetbrains.kotlin.idea.stubindex.KotlinTopLevelPropertyFqnNameIndex,org.jetbrains.kotlin.idea.stubindex.KotlinTopLevelTypeAliasFqNameIndex,org.jetbrains.kotlin.idea.stubindex.KotlinTopLevelExtensionsByReceiverTypeIndex,org.jetbrains.kotlin.idea.stubindex.KotlinAnnotationsIndex,org.jetbrains.kotlin.idea.stubindex.KotlinProbablyNothingFunctionShortNameIndex,org.jetbrains.kotlin.idea.stubindex.KotlinProbablyNothingPropertyShortNameIndex,org.jetbrains.kotlin.idea.stubindex.KotlinProbablyContractedFunctionShortNameIndex,org.jetbrains.kotlin.idea.stubindex.KotlinFileFacadeFqNameIndex,org.jetbrains.kotlin.idea.stubindex.KotlinFilePartClassIndex,org.jetbrains.kotlin.idea.stubindex.KotlinFileFacadeClassByPackageIndex,org.jetbrains.kotlin.idea.stubindex.KotlinFileFacadeShortNameIndex,org.jetbrains.kotlin.idea.stubindex.KotlinMultifileClassPartIndex,org.jetbrains.kotlin.idea.stubindex.KotlinScriptFqnIndex,org.jetbrains.kotlin.idea.stubindex.KotlinTypeAliasByExpansionShortNameIndex,org.jetbrains.kotlin.idea.stubindex.KotlinOverridableInternalMembersShortNameIndex 
2020-08-02 03:06:42,085 [ 325197]   INFO - exImpl$StubIndexInitialization - Initialization done: 873 
2020-08-02 03:06:54,042 [ 337154]   WARN - .diagnostic.PerformanceWatcher - UI freezed for 7262ms, details saved to C:\Users\CHICHI\.AndroidStudio4.0\system\log\threadDumps-freeze-20200802-030646-AI-193.6911.18.40.6626763-DataTable.allocateSpace-7sec 
2020-08-02 03:07:10,023 [ 353135]   WARN - .diagnostic.PerformanceWatcher - UI freezed for 14666ms, details saved to C:\Users\CHICHI\.AndroidStudio4.0\system\log\threadDumps-freeze-20200802-030655-AI-193.6911.18.40.6626763-FirstRunWizard.init-14sec 
2020-08-02 03:07:10,367 [ 353479]   INFO - s.RepoProgressIndicatorAdapter - Downloading https://dl.google.com/android/repository/addons_list-3.xml 
2020-08-02 03:07:12,452 [ 355564]   INFO - s.RepoProgressIndicatorAdapter - File C:\Users\CHICHI\.android\repositories.cfg could not be loaded. 
2020-08-02 03:07:12,515 [ 355627]   INFO - s.RepoProgressIndicatorAdapter - Downloading https://dl.google.com/android/repository/sys-img/android-wear-cn/sys-img2-1.xml 
2020-08-02 03:07:12,516 [ 355628]   INFO - s.RepoProgressIndicatorAdapter - Downloading https://dl.google.com/android/repository/repository2-1.xml 
2020-08-02 03:07:12,520 [ 355632]   INFO - s.RepoProgressIndicatorAdapter - Downloading https://dl.google.com/android/repository/glass/addon2-1.xml 
2020-08-02 03:07:12,523 [ 355635]   INFO - s.RepoProgressIndicatorAdapter - Downloading https://dl.google.com/android/repository/addon2-1.xml 
2020-08-02 03:07:12,524 [ 355636]   INFO - s.RepoProgressIndicatorAdapter - Downloading https://dl.google.com/android/repository/sys-img/google_apis/sys-img2-1.xml 
2020-08-02 03:07:12,527 [ 355639]   INFO - s.RepoProgressIndicatorAdapter - Downloading https://dl.google.com/android/repository/extras/intel/addon2-1.xml 
2020-08-02 03:07:12,527 [ 355639]   INFO - s.RepoProgressIndicatorAdapter - Downloading https://dl.google.com/android/repository/sys-img/google_apis_playstore/sys-img2-1.xml 
2020-08-02 03:07:12,527 [ 355639]   INFO - s.RepoProgressIndicatorAdapter - Downloading https://dl.google.com/android/repository/sys-img/android-tv/sys-img2-1.xml 
2020-08-02 03:07:12,528 [ 355640]   INFO - s.RepoProgressIndicatorAdapter - Downloading https://dl.google.com/android/repository/sys-img/android/sys-img2-1.xml 
2020-08-02 03:07:12,528 [ 355640]   INFO - s.RepoProgressIndicatorAdapter - Downloading https://dl.google.com/android/repository/sys-img/android-wear/sys-img2-1.xml 
2020-08-02 03:07:12,528 [ 355640]   INFO - s.RepoProgressIndicatorAdapter - Downloading https://dl.google.com/android/repository/sys-img/android-automotive/sys-img2-1.xml 
2020-08-02 03:07:15,213 [ 358325]   WARN - vdmanager.AvdManagerConnection - No Android SDK Found 
2020-08-02 03:07:20,493 [ 363605]   WARN - .diagnostic.PerformanceWatcher - UI freezed for 6249ms, details saved to C:\Users\CHICHI\.AndroidStudio4.0\system\log\threadDumps-freeze-20200802-030714-AI-193.6911.18.40.6626763-FileDispatcherImpl.read0-6sec 
2020-08-02 03:07:20,686 [ 363798]   INFO - .startup.AndroidSdkInitializer - Found Studio home directory at: 'C:\Program Files\Android\Android Studio' 
2020-08-02 03:07:20,686 [ 363798]   INFO - .startup.AndroidSdkInitializer - Looking for Android SDK at 'C:/Program Files/Android/Android Studio/sdk' 
2020-08-02 03:07:20,686 [ 363798]   INFO - .startup.AndroidSdkInitializer - Looking for Android SDK at 'C:/Program Files/Android/sdk' 
2020-08-02 03:07:20,686 [ 363798]   INFO - .startup.AndroidSdkInitializer - Unable to locate SDK within the Android studio installation. 
2020-08-02 03:07:20,690 [ 363802]   INFO - .startup.AndroidSdkInitializer - Examined and not found a valid Android SDK path: ANDROID_HOME environment variable 
2020-08-02 03:07:20,691 [ 363803]   INFO - .startup.AndroidSdkInitializer - Examined and not found a valid Android SDK path: ANDROID_SDK_ROOT environment variable 
2020-08-02 03:07:20,691 [ 363803]   INFO - .startup.AndroidSdkInitializer - Examined and not found a valid Android SDK path: Last SDK used by Android tools 
2020-08-02 03:07:20,691 [ 363803]   INFO - .startup.AndroidSdkInitializer - Found Studio home directory at: 'C:\Program Files\Android\Android Studio' 
2020-08-02 03:07:20,691 [ 363803]   INFO - .startup.AndroidSdkInitializer - Looking for Android SDK at 'C:/Program Files/Android/Android Studio/sdk' 
2020-08-02 03:07:20,691 [ 363803]   INFO - .startup.AndroidSdkInitializer - Looking for Android SDK at 'C:/Program Files/Android/sdk' 
2020-08-02 03:07:20,691 [ 363803]   INFO - .startup.AndroidSdkInitializer - Unable to locate SDK within the Android studio installation. 
2020-08-02 03:07:20,691 [ 363803]   INFO - .startup.AndroidSdkInitializer - Examined and not found a valid Android SDK path: ANDROID_HOME environment variable 
2020-08-02 03:07:20,691 [ 363803]   INFO - .startup.AndroidSdkInitializer - Examined and not found a valid Android SDK path: ANDROID_SDK_ROOT environment variable 
2020-08-02 03:07:20,691 [ 363803]   INFO - .startup.AndroidSdkInitializer - Examined and not found a valid Android SDK path: Last SDK used by Android tools 
2020-08-02 03:36:50,173 [2133285]   INFO - il.indexing.FileBasedIndexImpl - START INDEX SHUTDOWN 
